2025-09-21 20:33:04,891 [] [main] INFO (com.evolveum.midpoint.web.boot.MidPointJarSignatureChecker): JAR signature verification succeeded for /opt/midpoint/lib/midpoint.jar
2025-09-21 20:33:05,174 [] [main] INFO (org.springframework.boot.SpringApplication): 
                   _ _____              _
             _    | |  _  \     _     _| |_
   ___ ____ (_) __| | |_) |___ (_)___|_   _|
  |  _ ` _ `| |/ _  |  __/  _ \| |  _` | |
  | | | | | | | (_| | |  | (_) | | | | | |_
  |_| |_| |_|_|\____|_|  \____/|_|_| |_|\__|  by Evolveum and partners

  Dual-licensed under Apache License 2.0 and European Union Public License.
  Version: 4.9.3
  Sources: https://github.com/Evolveum/midpoint, branch: support-4.9, build: v4.9.3
  Bug reporting system: https://support.evolveum.com/
  Product information: https://midpoint.evolveum.com


2025-09-21 20:33:05,224 [] [main] INFO (com.evolveum.midpoint.web.boot.MidPointSpringApplication): Starting MidPointSpringApplication using Java 21.0.7 with PID 190 (/opt/midpoint/lib/midpoint.jar started by ? in /)
2025-09-21 20:33:05,224 [] [main] INFO (com.evolveum.midpoint.web.boot.MidPointSpringApplication): No active profile set, falling back to 1 default profile: "default"
2025-09-21 20:33:06,602 [] [main] INFO (com.evolveum.midpoint.init.ApplicationHomeSetup): midpoint.home = /opt/midpoint/var
2025-09-21 20:33:06,604 [] [main] INFO (com.evolveum.midpoint.init.StartupConfiguration): Loading midPoint configuration from file /opt/midpoint/var/config.xml
2025-09-21 20:33:07,128 [] [main] WARN (org.springframework.context.support.PostProcessorRegistrationDelegate$BeanPostProcessorChecker): Bean 'noBeans' of type [java.util.ArrayList] is not eligible for getting processed by all BeanPostProcessors (for example: not eligible for auto-proxying). Is this bean getting eagerly injected/applied to a currently created BeanPostProcessor [org.springframework.aop.framework.autoproxy.BeanNameAutoProxyCreator#0]? Check the corresponding BeanPostProcessor declaration and its dependencies/advisors. If this bean does not have to be post-processed, declare it with ROLE_INFRASTRUCTURE.
2025-09-21 20:33:07,311 [] [main] INFO (com.evolveum.midpoint.init.ConfigurablePrismContextFactory): Loading extension schemas from folder '/opt/midpoint/var/schema'.
2025-09-21 20:33:09,996 [] [main] INFO (com.evolveum.midpoint.prism.impl.crypto.KeyStoreBasedProtectorImpl): Using file keystore at /opt/midpoint/var//keystore.jceks
2025-09-21 20:33:10,097 [] [main] INFO (com.evolveum.midpoint.repo.sqlbase.DataSourceFactory): Loading datasource.
2025-09-21 20:33:10,098 [] [main] INFO (com.evolveum.midpoint.repo.sqlbase.DataSourceFactory): Constructing datasource 'mp-repo' with connection pooling; JDBC URL: jdbc:postgresql://midpoint_data:5432/midpoint?ApplicationName=mp-repo
 Using driver: org.postgresql.Driver
2025-09-21 20:33:10,483 [] [main] INFO (com.evolveum.midpoint.repo.sqale.UriCache): URI cache initialized with 1 items.
2025-09-21 20:33:10,484 [] [main] INFO (com.evolveum.midpoint.repo.sqale.ExtItemCache): Ext item cache initialized with 0 items.
2025-09-21 20:33:10,492 [] [main] INFO (com.evolveum.midpoint.repo.sqlbase.perfmon.SqlPerformanceMonitorImpl): SQL Performance Monitor initialized (level = 4)
2025-09-21 20:33:10,504 [] [main] INFO (com.evolveum.midpoint.init.AuditFactory): Getting factory 'com.evolveum.midpoint.audit.impl.LoggerAuditServiceFactory'
2025-09-21 20:33:10,504 [] [main] INFO (com.evolveum.midpoint.init.AuditFactory): Getting factory 'com.evolveum.midpoint.repo.sqale.audit.SqaleAuditServiceFactory'
2025-09-21 20:33:10,504 [] [main] INFO (com.evolveum.midpoint.repo.sqale.audit.SqaleAuditServiceFactory): Initializing SQL audit service factory.
2025-09-21 20:33:10,504 [] [main] INFO (com.evolveum.midpoint.repo.sqale.audit.SqaleAuditServiceFactory): SQL audit service will use default repository configuration.
2025-09-21 20:33:10,509 [] [main] INFO (com.evolveum.midpoint.repo.sqlbase.perfmon.SqlPerformanceMonitorImpl): SQL Performance Monitor initialized (level = 4)
2025-09-21 20:33:10,509 [] [main] INFO (com.evolveum.midpoint.repo.sqale.audit.SqaleAuditServiceFactory): SQL audit service factory initialization complete.
2025-09-21 20:33:10,525 [] [main] INFO (com.evolveum.midpoint.schema.cache.CacheConfigurationManager): Creating initial caching configuration based on default caching profile (system configuration is not known at this moment)
2025-09-21 20:33:11,148 [] [main] INFO (com.evolveum.midpoint.model.impl.security.GuiProfiledPrincipalManagerImpl): Registering as cache listener
2025-09-21 20:33:11,210 [] [main] WARN (com.evolveum.midpoint.model.common.expression.script.jsr223.Jsr223ScriptEvaluator): The JSR-223 scripting engine for 'JavaScript' was not found
2025-09-21 20:33:11,219 [] [main] WARN (com.evolveum.midpoint.model.common.expression.script.jsr223.Jsr223ScriptEvaluator): The JSR-223 scripting engine for 'python' was not found
2025-09-21 20:33:13,187 [] [main] INFO (com.evolveum.midpoint.schema.internals.InternalsConfig): Default setting for shadow caching: fromSystemConfiguration
2025-09-21 20:33:13,199 [] [main] INFO (com.evolveum.midpoint.task.quartzimpl.UpAndDown): Task Manager initialization.
2025-09-21 20:33:13,200 [] [main] INFO (com.evolveum.midpoint.task.quartzimpl.NodeIdComputer): Using default node ID 'DefaultNode'
2025-09-21 20:33:13,201 [] [main] INFO (com.evolveum.midpoint.task.quartzimpl.UpAndDown): Task Manager: Quartz Job Store: in-memory, NOT clustered. Threads: 10
2025-09-21 20:33:13,205 [] [main] WARN (com.evolveum.midpoint.common.CachedResourceBundleMessageSource): ResourceBundle [Midpoint] not found for MessageSource: Can't find bundle for base name Midpoint, locale en_US
2025-09-21 20:33:13,205 [] [main] WARN (com.evolveum.midpoint.common.CachedResourceBundleMessageSource): ResourceBundle [schema] not found for MessageSource: Can't find bundle for base name schema, locale en_US
2025-09-21 20:33:13,243 [] [main] INFO (com.evolveum.midpoint.task.quartzimpl.cluster.NodeRegistrar): Registering this node in the repository as DefaultNode at 17642df6d3be
2025-09-21 20:33:13,346 [] [main] INFO (com.evolveum.midpoint.task.quartzimpl.quartz.QuartzInitializationHelper): Initializing Quartz scheduler (but not starting it yet).
2025-09-21 20:33:13,369 [] [main] INFO (com.evolveum.midpoint.task.quartzimpl.quartz.QuartzInitializationHelper): ... Quartz scheduler initialized.
2025-09-21 20:33:13,369 [] [main] INFO (com.evolveum.midpoint.task.quartzimpl.quartz.LocalScheduler): Quartz scheduler execution limits set to: {null=null, DefaultNode=null, *=0} (were: null)
2025-09-21 20:33:13,369 [TASK_MANAGER] [main] INFO (com.evolveum.midpoint.task.quartzimpl.quartz.TaskSynchronizer): Synchronizing Quartz job store with midPoint repository.
2025-09-21 20:33:13,373 [TASK_MANAGER] [main] INFO (com.evolveum.midpoint.task.quartzimpl.quartz.TaskSynchronizer): Synchronization of midpoint and Quartz tasks store finished. Processing of 0 task(s) existing in midPoint repository has been successful, while processing of 0 task(s) has failed. 0 task(s) has been updated and 0 task(s) has been removed from Quartz job store, because they are not present in midPoint repository."

2025-09-21 20:33:13,373 [] [main] INFO (com.evolveum.midpoint.task.quartzimpl.UpAndDown): Task Manager initialized
2025-09-21 20:33:13,420 [] [main] INFO (com.evolveum.midpoint.provisioning.ucf.impl.connid.ConnectorFactoryConnIdImpl): Discovered ICF bundle on CLASSPATH: com.evolveum.polygon.connector-ldap version: 3.9.1
2025-09-21 20:33:13,614 [] [main] INFO (com.evolveum.midpoint.provisioning.ucf.impl.connid.ConnectorFactoryConnIdImpl): Discovered ICF bundle on CLASSPATH: com.evolveum.polygon.connector-databasetable version: 1.5.2.0
2025-09-21 20:33:13,625 [] [main] INFO (com.evolveum.midpoint.provisioning.ucf.impl.connid.ConnectorFactoryConnIdImpl): Discovered ICF bundle on CLASSPATH: com.evolveum.polygon.connector-csv version: 2.8
2025-09-21 20:33:13,782 [] [main] INFO (com.evolveum.midpoint.wf.impl.hook.WfHook): Workflow change hook was registered.
2025-09-21 20:33:13,825 [] [main] INFO (com.evolveum.midpoint.init.RepoInitialSetup): Repository post initialization.
2025-09-21 20:33:13,826 [] [main] INFO (com.evolveum.midpoint.init.RepoInitialSetup): Repository post initialization finished successfully.
2025-09-21 20:33:13,827 [] [main] INFO (com.evolveum.midpoint.init.RepoCacheInitialSetup): Repository cache post initialization.
2025-09-21 20:33:13,855 [] [main] INFO (com.evolveum.midpoint.repo.cache.global.GlobalObjectCache): Created global repository object cache with a capacity of -1 objects
2025-09-21 20:33:13,856 [] [main] INFO (com.evolveum.midpoint.repo.cache.global.GlobalVersionCache): Created global repository object version cache with a capacity of -1 objects
2025-09-21 20:33:13,858 [] [main] INFO (com.evolveum.midpoint.repo.cache.global.GlobalQueryCache): Created global repository query cache for 39 object types, each with unlimited capacity
2025-09-21 20:33:13,858 [] [main] INFO (com.evolveum.midpoint.init.RepoCacheInitialSetup): Repository cache post initialization finished successfully.
2025-09-21 20:33:13,859 [] [main] INFO (com.evolveum.midpoint.init.InitialDataImport): Starting initial object import (if necessary).
2025-09-21 20:33:13,895 [] [main] INFO (com.evolveum.midpoint.init.InitialDataImport): Starting initial import of file 000-system-configuration.xml.
2025-09-21 20:33:13,898 [MODEL] [main] WARN (com.evolveum.midpoint.model.impl.util.ModelImplUtils): Reference globalSecurityPolicyRef refers to a non-existing object 00000000-0000-0000-0000-000000000120
2025-09-21 20:33:13,899 [MODEL] [main] WARN (com.evolveum.midpoint.model.impl.util.ModelImplUtils): Reference collectionRef refers to a non-existing object 00000000-0000-0000-0000-000000000344
2025-09-21 20:33:13,901 [MODEL] [main] WARN (com.evolveum.midpoint.model.impl.util.ModelImplUtils): Reference collectionRef refers to a non-existing object 00000000-0000-0000-0000-000000000340
2025-09-21 20:33:13,902 [MODEL] [main] WARN (com.evolveum.midpoint.model.impl.util.ModelImplUtils): Reference collectionRef refers to a non-existing object 00000000-0000-0000-0000-000000000341
2025-09-21 20:33:13,902 [MODEL] [main] WARN (com.evolveum.midpoint.model.impl.util.ModelImplUtils): Reference collectionRef refers to a non-existing object 00000000-0000-0000-0000-000000000342
2025-09-21 20:33:13,903 [MODEL] [main] WARN (com.evolveum.midpoint.model.impl.util.ModelImplUtils): Reference collectionRef refers to a non-existing object 00000000-0000-0000-0000-000000000345
2025-09-21 20:33:13,904 [MODEL] [main] WARN (com.evolveum.midpoint.model.impl.util.ModelImplUtils): Reference collectionRef refers to a non-existing object 00000000-0000-0000-0000-000000000501
2025-09-21 20:33:13,904 [MODEL] [main] WARN (com.evolveum.midpoint.model.impl.util.ModelImplUtils): Reference collectionRef refers to a non-existing object 00000000-0000-0000-0000-000000000502
2025-09-21 20:33:13,905 [MODEL] [main] WARN (com.evolveum.midpoint.model.impl.util.ModelImplUtils): Reference collectionRef refers to a non-existing object 00000000-0000-0000-0000-000000000503
2025-09-21 20:33:13,905 [MODEL] [main] WARN (com.evolveum.midpoint.model.impl.util.ModelImplUtils): Reference collectionRef refers to a non-existing object 00000000-0000-0000-0000-000000000504
2025-09-21 20:33:13,906 [MODEL] [main] WARN (com.evolveum.midpoint.model.impl.util.ModelImplUtils): Reference collectionRef refers to a non-existing object 00000000-0000-0000-0000-000000000505
2025-09-21 20:33:13,906 [MODEL] [main] WARN (com.evolveum.midpoint.model.impl.util.ModelImplUtils): Reference collectionRef refers to a non-existing object 00000000-0000-0000-0000-000000000506
2025-09-21 20:33:13,907 [MODEL] [main] WARN (com.evolveum.midpoint.model.impl.util.ModelImplUtils): Reference collectionRef refers to a non-existing object 00000000-0000-0000-0002-000000000007
2025-09-21 20:33:13,908 [MODEL] [main] WARN (com.evolveum.midpoint.model.impl.util.ModelImplUtils): Reference collectionRef refers to a non-existing object 00000000-0000-0000-0000-000000000508
2025-09-21 20:33:13,908 [MODEL] [main] WARN (com.evolveum.midpoint.model.impl.util.ModelImplUtils): Reference collectionRef refers to a non-existing object 00000000-0000-0000-0000-000000000509
2025-09-21 20:33:13,909 [MODEL] [main] WARN (com.evolveum.midpoint.model.impl.util.ModelImplUtils): Reference collectionRef refers to a non-existing object 00000000-0000-0000-0000-000000000510
2025-09-21 20:33:13,910 [MODEL] [main] WARN (com.evolveum.midpoint.model.impl.util.ModelImplUtils): Reference collectionRef refers to a non-existing object 00000000-0000-0000-0000-000000000511
2025-09-21 20:33:13,910 [MODEL] [main] WARN (com.evolveum.midpoint.model.impl.util.ModelImplUtils): Reference collectionRef refers to a non-existing object 00000000-0000-0000-0000-000000000512
2025-09-21 20:33:13,911 [MODEL] [main] WARN (com.evolveum.midpoint.model.impl.util.ModelImplUtils): Reference collectionRef refers to a non-existing object 00000000-0000-0000-0000-000000000513
2025-09-21 20:33:13,911 [MODEL] [main] WARN (com.evolveum.midpoint.model.impl.util.ModelImplUtils): Reference collectionRef refers to a non-existing object 00000000-0000-0000-0000-000000000514
2025-09-21 20:33:13,912 [MODEL] [main] WARN (com.evolveum.midpoint.model.impl.util.ModelImplUtils): Reference collectionRef refers to a non-existing object 00000000-0000-0000-0000-000000000515
2025-09-21 20:33:13,912 [MODEL] [main] WARN (com.evolveum.midpoint.model.impl.util.ModelImplUtils): Reference collectionRef refers to a non-existing object 00000000-0000-0000-0000-000000000516
2025-09-21 20:33:13,913 [MODEL] [main] WARN (com.evolveum.midpoint.model.impl.util.ModelImplUtils): Reference collectionRef refers to a non-existing object 00000000-0000-0000-0000-000000000517
2025-09-21 20:33:13,914 [MODEL] [main] WARN (com.evolveum.midpoint.model.impl.util.ModelImplUtils): Reference collectionRef refers to a non-existing object 00000000-0000-0000-0000-000000000518
2025-09-21 20:33:13,914 [MODEL] [main] WARN (com.evolveum.midpoint.model.impl.util.ModelImplUtils): Reference collectionRef refers to a non-existing object 00000000-0000-0000-0000-000000000519
2025-09-21 20:33:13,915 [MODEL] [main] WARN (com.evolveum.midpoint.model.impl.util.ModelImplUtils): Reference collectionRef refers to a non-existing object 00000000-0000-0000-0000-000000000522
2025-09-21 20:33:13,915 [MODEL] [main] WARN (com.evolveum.midpoint.model.impl.util.ModelImplUtils): Reference collectionRef refers to a non-existing object 00000000-0000-0000-0000-000000000530
2025-09-21 20:33:13,916 [MODEL] [main] WARN (com.evolveum.midpoint.model.impl.util.ModelImplUtils): Reference collectionRef refers to a non-existing object 00000000-0000-0000-0000-000000000531
2025-09-21 20:33:13,916 [MODEL] [main] WARN (com.evolveum.midpoint.model.impl.util.ModelImplUtils): Reference collectionRef refers to a non-existing object 00000000-0000-0000-0000-000000000532
2025-09-21 20:33:13,917 [MODEL] [main] WARN (com.evolveum.midpoint.model.impl.util.ModelImplUtils): Reference collectionRef refers to a non-existing object 00000000-0000-0000-0000-000000000533
2025-09-21 20:33:13,917 [MODEL] [main] WARN (com.evolveum.midpoint.model.impl.util.ModelImplUtils): Reference collectionRef refers to a non-existing object 00000000-0000-0000-0000-000000000520
2025-09-21 20:33:13,918 [MODEL] [main] WARN (com.evolveum.midpoint.model.impl.util.ModelImplUtils): Reference collectionRef refers to a non-existing object 00000000-0000-0000-0000-000000000521
2025-09-21 20:33:13,918 [MODEL] [main] WARN (com.evolveum.midpoint.model.impl.util.ModelImplUtils): Reference collectionRef refers to a non-existing object 00000000-0000-0000-0000-000000000528
2025-09-21 20:33:13,919 [MODEL] [main] WARN (com.evolveum.midpoint.model.impl.util.ModelImplUtils): Reference collectionRef refers to a non-existing object 00000000-0000-0000-0000-000000000529
2025-09-21 20:33:13,919 [MODEL] [main] WARN (com.evolveum.midpoint.model.impl.util.ModelImplUtils): Reference collectionRef refers to a non-existing object 00000000-0000-0000-0000-000000000170
2025-09-21 20:33:13,920 [MODEL] [main] WARN (com.evolveum.midpoint.model.impl.util.ModelImplUtils): Reference collectionRef refers to a non-existing object 00000000-0000-0000-0000-000000000171
2025-09-21 20:33:13,921 [MODEL] [main] WARN (com.evolveum.midpoint.model.impl.util.ModelImplUtils): Reference collectionRef refers to a non-existing object 00000000-0000-0000-0000-000000000328
2025-09-21 20:33:13,921 [MODEL] [main] WARN (com.evolveum.midpoint.model.impl.util.ModelImplUtils): Reference collectionRef refers to a non-existing object 00000000-0000-0000-0000-000000000321
2025-09-21 20:33:13,922 [MODEL] [main] WARN (com.evolveum.midpoint.model.impl.util.ModelImplUtils): Reference collectionRef refers to a non-existing object 00000000-0000-0000-0000-000000000329
2025-09-21 20:33:13,922 [MODEL] [main] WARN (com.evolveum.midpoint.model.impl.util.ModelImplUtils): Reference collectionRef refers to a non-existing object 00000000-0000-0000-0000-000000000700
2025-09-21 20:33:13,923 [MODEL] [main] WARN (com.evolveum.midpoint.model.impl.util.ModelImplUtils): Reference collectionRef refers to a non-existing object 00000000-0000-0000-0000-000000000701
2025-09-21 20:33:13,923 [MODEL] [main] WARN (com.evolveum.midpoint.model.impl.util.ModelImplUtils): Reference collectionRef refers to a non-existing object 00000000-0000-0000-0000-000000000705
2025-09-21 20:33:13,924 [MODEL] [main] WARN (com.evolveum.midpoint.model.impl.util.ModelImplUtils): Reference collectionRef refers to a non-existing object 00000000-0000-0000-0000-000000000702
2025-09-21 20:33:13,924 [MODEL] [main] WARN (com.evolveum.midpoint.model.impl.util.ModelImplUtils): Reference collectionRef refers to a non-existing object 00000000-0000-0000-0001-000000000340
2025-09-21 20:33:13,925 [MODEL] [main] WARN (com.evolveum.midpoint.model.impl.util.ModelImplUtils): Reference collectionRef refers to a non-existing object 00000000-0000-0000-0000-000000000330
2025-09-21 20:33:13,926 [MODEL] [main] WARN (com.evolveum.midpoint.model.impl.util.ModelImplUtils): Reference collectionRef refers to a non-existing object 00000000-0000-0000-0000-000000000331
2025-09-21 20:33:13,926 [MODEL] [main] WARN (com.evolveum.midpoint.model.impl.util.ModelImplUtils): Reference collectionRef refers to a non-existing object 00000000-0000-0000-0000-000000000523
2025-09-21 20:33:13,927 [MODEL] [main] WARN (com.evolveum.midpoint.model.impl.util.ModelImplUtils): Reference collectionRef refers to a non-existing object 00000000-0000-0000-0000-000000000534
2025-09-21 20:33:13,927 [MODEL] [main] WARN (com.evolveum.midpoint.model.impl.util.ModelImplUtils): Reference collectionRef refers to a non-existing object 00000000-0000-0000-0000-000000000535
2025-09-21 20:33:13,928 [MODEL] [main] WARN (com.evolveum.midpoint.model.impl.util.ModelImplUtils): Reference collectionRef refers to a non-existing object 00000000-0000-0000-0001-000000000017
2025-09-21 20:33:13,929 [MODEL] [main] WARN (com.evolveum.midpoint.model.impl.util.ModelImplUtils): Reference configurableDashboardRef refers to a non-existing object 00000000-0000-0000-0001-000000000001
2025-09-21 20:33:13,988 [REPOSITORY] [main] INFO (com.evolveum.midpoint.audit.log): 2025-09-21T20:33:13.984+0000 eid=1758486793984-14898-1, et=ADD_OBJECT, es=REQUEST, sid=1758486793860-14898-1, rid=ca7ddcb8-2ef0-4f58-8578-52cd006a0ba5, tid=1758486793860-14898-1, toid=null, hid=null, nid=DefaultNode, raddr=null, I=null, EP=UserType:00000000-0000-0000-0000-000000000002(user), epm=FULL_ELEVATION, T=SystemConfigurationType:00000000-0000-0000-0000-000000000001(systemConfiguration), TO=null, D=[00000000-0000-0000-0000-000000000001:ADD], ch=http://midpoint.evolveum.com/xml/ns/public/common/channels-3#init, o=null, p=null, m=
2025-09-21 20:33:14,132 [] [main] INFO (com.evolveum.midpoint.common.LoggingConfigurationManager): Applying logging configuration (system configuration version 0)
2025-09-21 20:33:14,255 [] [main] INFO (com.evolveum.midpoint.init.InitialDataImport): Created systemConfiguration:00000000-0000-0000-0000-000000000001(SystemConfiguration) as part of initial import
2025-09-21 20:33:14,264 [] [main] INFO (com.evolveum.midpoint.init.InitialDataImport): Starting initial import of file 010-value-policy.xml.
2025-09-21 20:33:14,292 [] [main] INFO (com.evolveum.midpoint.init.InitialDataImport): Created valuePolicy:00000000-0000-0000-0000-000000000003(Default Password Policy) as part of initial import
2025-09-21 20:33:14,294 [] [main] INFO (com.evolveum.midpoint.init.InitialDataImport): Starting initial import of file 015-security-policy.xml.
2025-09-21 20:33:14,317 [] [main] INFO (com.evolveum.midpoint.init.InitialDataImport): Created securityPolicy:00000000-0000-0000-0000-000000000120(Default Security Policy) as part of initial import
2025-09-21 20:33:14,319 [] [main] INFO (com.evolveum.midpoint.init.InitialDataImport): Starting initial import of file 020-archetype-system-user.xml.
2025-09-21 20:33:14,380 [] [main] INFO (com.evolveum.midpoint.init.InitialDataImport): Created archetype:00000000-0000-0000-0000-000000000300(System user) as part of initial import
2025-09-21 20:33:14,382 [] [main] INFO (com.evolveum.midpoint.init.InitialDataImport): Starting initial import of file 021-archetype-system-role.xml.
2025-09-21 20:33:14,404 [] [main] INFO (com.evolveum.midpoint.init.InitialDataImport): Created archetype:00000000-0000-0000-0000-000000000320(System role) as part of initial import
2025-09-21 20:33:14,405 [] [main] INFO (com.evolveum.midpoint.init.InitialDataImport): Starting initial import of file 022-archetype-business-role.xml.
2025-09-21 20:33:14,426 [] [main] INFO (com.evolveum.midpoint.init.InitialDataImport): Created archetype:00000000-0000-0000-0000-000000000321(Business role) as part of initial import
2025-09-21 20:33:14,428 [] [main] INFO (com.evolveum.midpoint.init.InitialDataImport): Starting initial import of file 023-archetype-manual-provisioning-case.xml.
2025-09-21 20:33:14,451 [] [main] INFO (com.evolveum.midpoint.init.InitialDataImport): Created archetype:00000000-0000-0000-0000-000000000340(Manual provisioning case) as part of initial import
2025-09-21 20:33:14,452 [] [main] INFO (com.evolveum.midpoint.init.InitialDataImport): Starting initial import of file 024-archetype-operation-request.xml.
2025-09-21 20:33:14,473 [] [main] INFO (com.evolveum.midpoint.init.InitialDataImport): Created archetype:00000000-0000-0000-0000-000000000341(Operation request) as part of initial import
2025-09-21 20:33:14,474 [] [main] INFO (com.evolveum.midpoint.init.InitialDataImport): Starting initial import of file 025-archetype-approval-case.xml.
2025-09-21 20:33:14,494 [] [main] INFO (com.evolveum.midpoint.init.InitialDataImport): Created archetype:00000000-0000-0000-0000-000000000342(Approval case) as part of initial import
2025-09-21 20:33:14,495 [] [main] INFO (com.evolveum.midpoint.init.InitialDataImport): Starting initial import of file 026-archetype-trace.xml.
2025-09-21 20:33:14,512 [] [main] INFO (com.evolveum.midpoint.init.InitialDataImport): Created archetype:00000000-0000-0000-0000-000000000343(Trace) as part of initial import
2025-09-21 20:33:14,513 [] [main] INFO (com.evolveum.midpoint.init.InitialDataImport): Starting initial import of file 027-archetype-correlation-case.xml.
2025-09-21 20:33:14,534 [] [main] INFO (com.evolveum.midpoint.init.InitialDataImport): Created archetype:00000000-0000-0000-0000-000000000345(Correlation case) as part of initial import
2025-09-21 20:33:14,535 [] [main] INFO (com.evolveum.midpoint.init.InitialDataImport): Starting initial import of file 028-archetype-application-role.xml.
2025-09-21 20:33:14,556 [] [main] INFO (com.evolveum.midpoint.init.InitialDataImport): Created archetype:00000000-0000-0000-0000-000000000328(Application role) as part of initial import
2025-09-21 20:33:14,558 [] [main] INFO (com.evolveum.midpoint.init.InitialDataImport): Starting initial import of file 029-archetype-application.xml.
2025-09-21 20:33:14,558 [MODEL] [main] WARN (com.evolveum.midpoint.model.impl.util.ModelImplUtils): Reference collectionRef refers to a non-existing object 00000000-0000-0000-0001-000000000016
2025-09-21 20:33:14,580 [] [main] INFO (com.evolveum.midpoint.init.InitialDataImport): Created archetype:00000000-0000-0000-0000-000000000329(Application) as part of initial import
2025-09-21 20:33:14,582 [] [main] INFO (com.evolveum.midpoint.init.InitialDataImport): Starting initial import of file 030-role-superuser.xml.
2025-09-21 20:33:14,586 [MODEL] [main] WARN (com.evolveum.midpoint.model.impl.util.ModelImplUtils): Reference targetRef refers to a non-existing object 00000000-0000-0000-0000-000000000332
2025-09-21 20:33:14,598 [MODEL] [main] ERROR (com.evolveum.midpoint.model.impl.lens.assignments.TargetsEvaluation): Referenced object not found in assignment target reference in delta for role:00000000-0000-0000-0000-000000000004(Superuser), reason: Object of type 'PolicyType' with OID '00000000-0000-0000-0000-000000000332' was not found. (class com.evolveum.midpoint.util.exception.ObjectNotFoundException)
2025-09-21 20:33:14,615 [MODEL] [main] ERROR (com.evolveum.midpoint.model.impl.lens.assignments.TargetsEvaluation): Referenced object not found in assignment target reference in role:00000000-0000-0000-0000-000000000004(Superuser), reason: Object of type 'PolicyType' with OID '00000000-0000-0000-0000-000000000332' was not found. (class com.evolveum.midpoint.util.exception.ObjectNotFoundException)
2025-09-21 20:33:14,623 [] [main] INFO (com.evolveum.midpoint.init.InitialDataImport): Created role:00000000-0000-0000-0000-000000000004(Superuser) as part of initial import
2025-09-21 20:33:14,625 [] [main] INFO (com.evolveum.midpoint.init.InitialDataImport): Starting initial import of file 040-role-enduser.xml.
2025-09-21 20:33:14,649 [] [main] INFO (com.evolveum.midpoint.init.InitialDataImport): Created role:00000000-0000-0000-0000-000000000008(End user) as part of initial import
2025-09-21 20:33:14,650 [] [main] INFO (com.evolveum.midpoint.init.InitialDataImport): Starting initial import of file 041-role-approver.xml.
2025-09-21 20:33:14,675 [] [main] INFO (com.evolveum.midpoint.init.InitialDataImport): Created role:00000000-0000-0000-0000-00000000000a(Approver) as part of initial import
2025-09-21 20:33:14,676 [] [main] INFO (com.evolveum.midpoint.init.InitialDataImport): Starting initial import of file 042-role-reviewer.xml.
2025-09-21 20:33:14,699 [] [main] INFO (com.evolveum.midpoint.init.InitialDataImport): Created role:00000000-0000-0000-0000-00000000000b(Reviewer) as part of initial import
2025-09-21 20:33:14,701 [] [main] INFO (com.evolveum.midpoint.init.InitialDataImport): Starting initial import of file 043-role-delegator.xml.
2025-09-21 20:33:14,745 [] [main] INFO (com.evolveum.midpoint.init.InitialDataImport): Created role:00000000-0000-0000-0000-00000000000c(Delegator) as part of initial import
2025-09-21 20:33:14,760 [] [main] WARN (com.evolveum.midpoint.init.DataImport): Please change administrator password  after first login.
2025-09-21 20:33:14,762 [] [main] INFO (com.evolveum.midpoint.init.InitialDataImport): Starting initial import of file 050-user-administrator.xml.
2025-09-21 20:33:14,779 [MODEL] [main] ERROR (com.evolveum.midpoint.model.impl.lens.assignments.TargetsEvaluation): Referenced object not found in assignment target reference in role:00000000-0000-0000-0000-000000000004(Superuser) in delta for user:00000000-0000-0000-0000-000000000002(administrator), reason: Object of type 'PolicyType' with OID '00000000-0000-0000-0000-000000000332' was not found. (class com.evolveum.midpoint.util.exception.ObjectNotFoundException)
2025-09-21 20:33:15,172 [MODEL] [main] ERROR (com.evolveum.midpoint.model.impl.lens.assignments.TargetsEvaluation): Referenced object not found in assignment target reference in role:00000000-0000-0000-0000-000000000004(Superuser) in user:00000000-0000-0000-0000-000000000002(administrator), reason: Object of type 'PolicyType' with OID '00000000-0000-0000-0000-000000000332' was not found. (class com.evolveum.midpoint.util.exception.ObjectNotFoundException)
2025-09-21 20:33:15,178 [] [main] INFO (com.evolveum.midpoint.init.InitialDataImport): Created user:00000000-0000-0000-0000-000000000002(administrator) as part of initial import
2025-09-21 20:33:15,180 [] [main] INFO (com.evolveum.midpoint.init.InitialDataImport): Starting initial import of file 059-archetype-report.xml.
2025-09-21 20:33:15,197 [] [main] INFO (com.evolveum.midpoint.init.InitialDataImport): Created archetype:00000000-0000-0000-0000-000000000172(Report) as part of initial import
2025-09-21 20:33:15,198 [] [main] INFO (com.evolveum.midpoint.init.InitialDataImport): Starting initial import of file 060-archetype-report-dashboard.xml.
2025-09-21 20:33:15,216 [] [main] INFO (com.evolveum.midpoint.init.InitialDataImport): Created archetype:00000000-0000-0000-0000-000000000170(Dashboard report) as part of initial import
2025-09-21 20:33:15,218 [] [main] INFO (com.evolveum.midpoint.init.InitialDataImport): Starting initial import of file 061-archetype-report-collection.xml.
2025-09-21 20:33:15,234 [] [main] INFO (com.evolveum.midpoint.init.InitialDataImport): Created archetype:00000000-0000-0000-0000-000000000171(Collection report) as part of initial import
2025-09-21 20:33:15,235 [] [main] INFO (com.evolveum.midpoint.init.InitialDataImport): Starting initial import of file 062-archetype-classification.xml.
2025-09-21 20:33:15,249 [] [main] INFO (com.evolveum.midpoint.init.InitialDataImport): Created archetype:00000000-0000-0000-0000-000000000330(Classification) as part of initial import
2025-09-21 20:33:15,250 [] [main] INFO (com.evolveum.midpoint.init.InitialDataImport): Starting initial import of file 063-archetype-clearance.xml.
2025-09-21 20:33:15,265 [] [main] INFO (com.evolveum.midpoint.init.InitialDataImport): Created archetype:00000000-0000-0000-0000-000000000331(Clearance) as part of initial import
2025-09-21 20:33:15,267 [] [main] INFO (com.evolveum.midpoint.init.InitialDataImport): Starting initial import of file 090-report-audit.xml.
2025-09-21 20:33:15,269 [MODEL] [main] WARN (com.evolveum.midpoint.model.impl.util.ModelImplUtils): Reference collectionRef refers to a non-existing object 00000000-0000-0000-0001-000000000284
2025-09-21 20:33:15,290 [] [main] INFO (com.evolveum.midpoint.init.InitialDataImport): Created report:00000000-0000-0000-0000-000000000080(All audit records report) as part of initial import
2025-09-21 20:33:15,291 [] [main] INFO (com.evolveum.midpoint.init.InitialDataImport): Starting initial import of file 100-report-reconciliation.xml.
2025-09-21 20:33:15,291 [MODEL] [main] WARN (com.evolveum.midpoint.model.impl.util.ModelImplUtils): Reference collectionRef refers to a non-existing object 00000000-0000-0000-0001-000000000008
2025-09-21 20:33:15,312 [] [main] INFO (com.evolveum.midpoint.init.InitialDataImport): Created report:00000000-0000-0000-0000-000000000100(Reconciliation report) as part of initial import
2025-09-21 20:33:15,313 [] [main] INFO (com.evolveum.midpoint.init.InitialDataImport): Starting initial import of file 110-report-user-list.xml.
2025-09-21 20:33:15,330 [] [main] INFO (com.evolveum.midpoint.init.InitialDataImport): Created report:00000000-0000-0000-0000-000000000110(Users in MidPoint) as part of initial import
2025-09-21 20:33:15,332 [] [main] INFO (com.evolveum.midpoint.init.InitialDataImport): Starting initial import of file 130-report-certification-definitions.xml.
2025-09-21 20:33:15,349 [] [main] INFO (com.evolveum.midpoint.init.InitialDataImport): Created report:00000000-0000-0000-0000-000000000130(Certification definitions report) as part of initial import
2025-09-21 20:33:15,351 [] [main] INFO (com.evolveum.midpoint.init.InitialDataImport): Starting initial import of file 140-report-certification-campaigns.xml.
2025-09-21 20:33:15,351 [MODEL] [main] WARN (com.evolveum.midpoint.model.impl.util.ModelImplUtils): Reference collectionRef refers to a non-existing object 00000000-0000-0000-0001-000000000280
2025-09-21 20:33:15,370 [] [main] INFO (com.evolveum.midpoint.init.InitialDataImport): Created report:00000000-0000-0000-0000-000000000140(Certification campaigns report) as part of initial import
2025-09-21 20:33:15,371 [] [main] INFO (com.evolveum.midpoint.init.InitialDataImport): Starting initial import of file 150-report-certification-cases.xml.
2025-09-21 20:33:15,389 [] [main] INFO (com.evolveum.midpoint.init.InitialDataImport): Created report:00000000-0000-0000-0000-000000000150(Certification cases report) as part of initial import
2025-09-21 20:33:15,391 [] [main] INFO (com.evolveum.midpoint.init.InitialDataImport): Starting initial import of file 160-report-certification-work-items.xml.
2025-09-21 20:33:15,411 [] [main] INFO (com.evolveum.midpoint.init.InitialDataImport): Created report:00000000-0000-0000-0000-000000000160(Certification work items report) as part of initial import
2025-09-21 20:33:15,412 [] [main] INFO (com.evolveum.midpoint.init.InitialDataImport): Starting initial import of file 170-report-simulation-objects.xml.
2025-09-21 20:33:15,429 [] [main] INFO (com.evolveum.midpoint.init.InitialDataImport): Created report:00000000-0000-0000-0000-286d76cea7c5(Simulation report: Objects) as part of initial import
2025-09-21 20:33:15,430 [] [main] INFO (com.evolveum.midpoint.init.InitialDataImport): Starting initial import of file 171-report-simulation-objects-with-metrics.xml.
2025-09-21 20:33:15,448 [] [main] INFO (com.evolveum.midpoint.init.InitialDataImport): Created report:00000000-0000-0000-0000-616a5c5dbca8(Simulation report: Objects with metrics) as part of initial import
2025-09-21 20:33:15,450 [] [main] INFO (com.evolveum.midpoint.init.InitialDataImport): Starting initial import of file 172-report-simulation-items-changed.xml.
2025-09-21 20:33:15,468 [] [main] INFO (com.evolveum.midpoint.init.InitialDataImport): Created report:00000000-0000-0000-0000-ea32deff43df(Simulation report: Items changed) as part of initial import
2025-09-21 20:33:15,469 [] [main] INFO (com.evolveum.midpoint.init.InitialDataImport): Starting initial import of file 173-report-simulation-values-changed.xml.
2025-09-21 20:33:15,491 [] [main] INFO (com.evolveum.midpoint.init.InitialDataImport): Created report:00000000-0000-0000-0000-61bc8211947c(Simulation report: Values changed) as part of initial import
2025-09-21 20:33:15,493 [] [main] INFO (com.evolveum.midpoint.init.InitialDataImport): Starting initial import of file 180-report-simulation-results.xml.
2025-09-21 20:33:15,512 [] [main] INFO (com.evolveum.midpoint.init.InitialDataImport): Created report:00000000-0000-0000-0000-97631b84fde7(Simulation report: Results) as part of initial import
2025-09-21 20:33:15,514 [] [main] INFO (com.evolveum.midpoint.init.InitialDataImport): Starting initial import of file 200-lookup-languages.xml.
2025-09-21 20:33:15,529 [] [main] INFO (com.evolveum.midpoint.init.InitialDataImport): Created lookupTable:00000000-0000-0000-0000-000000000200(Languages) as part of initial import
2025-09-21 20:33:15,530 [] [main] INFO (com.evolveum.midpoint.init.InitialDataImport): Starting initial import of file 200-report-indirect-assignments.xml.
2025-09-21 20:33:15,547 [] [main] INFO (com.evolveum.midpoint.init.InitialDataImport): Created report:00000000-0000-0000-0000-b8249b79d2b5(IGA: Who has access to what and why) as part of initial import
2025-09-21 20:33:15,549 [] [main] INFO (com.evolveum.midpoint.init.InitialDataImport): Starting initial import of file 210-lookup-locales.xml.
2025-09-21 20:33:15,560 [] [main] INFO (com.evolveum.midpoint.init.InitialDataImport): Created lookupTable:00000000-0000-0000-0000-000000000210(Locales) as part of initial import
2025-09-21 20:33:15,564 [] [main] INFO (com.evolveum.midpoint.init.InitialDataImport): Starting initial import of file 220-lookup-timezones.xml.
2025-09-21 20:33:15,637 [] [main] INFO (com.evolveum.midpoint.init.InitialDataImport): Created lookupTable:00000000-0000-0000-0000-000000000220(Timezones) as part of initial import
2025-09-21 20:33:15,638 [] [main] INFO (com.evolveum.midpoint.init.InitialDataImport): Starting initial import of file 230-lookup-lifecycle-state.xml.
2025-09-21 20:33:15,648 [] [main] INFO (com.evolveum.midpoint.init.InitialDataImport): Created lookupTable:00000000-0000-0000-0000-000000000230(Lifecycle States) as part of initial import
2025-09-21 20:33:15,649 [] [main] INFO (com.evolveum.midpoint.init.InitialDataImport): Starting initial import of file 240-lookup-state.xml.
2025-09-21 20:33:15,657 [] [main] INFO (com.evolveum.midpoint.init.InitialDataImport): Created lookupTable:00000000-0000-0000-0000-000000000240(States) as part of initial import
2025-09-21 20:33:15,658 [] [main] INFO (com.evolveum.midpoint.init.InitialDataImport): Starting initial import of file 250-object-collection-resource-all.xml.
2025-09-21 20:33:15,667 [] [main] INFO (com.evolveum.midpoint.init.InitialDataImport): Created objectCollection:00000000-0000-0000-0001-000000000006(All resources) as part of initial import
2025-09-21 20:33:15,668 [] [main] INFO (com.evolveum.midpoint.init.InitialDataImport): Starting initial import of file 251-object-collection-resource-up.xml.
2025-09-21 20:33:15,689 [] [main] INFO (com.evolveum.midpoint.init.InitialDataImport): Created objectCollection:00000000-0000-0000-0001-000000000003(Resources up) as part of initial import
2025-09-21 20:33:15,690 [] [main] INFO (com.evolveum.midpoint.init.InitialDataImport): Starting initial import of file 252-object-collection-application-role.xml.
2025-09-21 20:33:15,699 [] [main] INFO (com.evolveum.midpoint.init.InitialDataImport): Created objectCollection:00000000-0000-0000-0001-000000000016(Application roles) as part of initial import
2025-09-21 20:33:15,700 [] [main] INFO (com.evolveum.midpoint.init.InitialDataImport): Starting initial import of file 253-object-collection-application.xml.
2025-09-21 20:33:15,707 [] [main] INFO (com.evolveum.midpoint.init.InitialDataImport): Created objectCollection:00000000-0000-0000-0001-000000000017(Applications) as part of initial import
2025-09-21 20:33:15,708 [] [main] INFO (com.evolveum.midpoint.init.InitialDataImport): Starting initial import of file 260-object-collection-task-all.xml.
2025-09-21 20:33:15,717 [] [main] INFO (com.evolveum.midpoint.init.InitialDataImport): Created objectCollection:00000000-0000-0000-0001-000000000007(All tasks) as part of initial import
2025-09-21 20:33:15,718 [] [main] INFO (com.evolveum.midpoint.init.InitialDataImport): Starting initial import of file 261-object-collection-task-active.xml.
2025-09-21 20:33:15,731 [] [main] INFO (com.evolveum.midpoint.init.InitialDataImport): Created objectCollection:00000000-0000-0000-0001-000000000005(Active tasks) as part of initial import
2025-09-21 20:33:15,732 [] [main] INFO (com.evolveum.midpoint.init.InitialDataImport): Starting initial import of file 262-object-collection-task-report.xml.
2025-09-21 20:33:15,740 [] [main] INFO (com.evolveum.midpoint.init.InitialDataImport): Created objectCollection:00000000-0000-0000-0002-000000000007(Report tasks) as part of initial import
2025-09-21 20:33:15,741 [] [main] INFO (com.evolveum.midpoint.init.InitialDataImport): Starting initial import of file 263-object-collection-task-certification.xml.
2025-09-21 20:33:15,748 [] [main] INFO (com.evolveum.midpoint.init.InitialDataImport): Created objectCollection:00000000-0000-0000-0002-000000000008(Certification tasks) as part of initial import
2025-09-21 20:33:15,748 [] [main] INFO (com.evolveum.midpoint.init.InitialDataImport): Starting initial import of file 270-object-collection-audit.xml.
2025-09-21 20:33:15,756 [] [main] INFO (com.evolveum.midpoint.init.InitialDataImport): Created objectCollection:00000000-0000-0000-0001-000000000284(All audit records) as part of initial import
2025-09-21 20:33:15,756 [] [main] INFO (com.evolveum.midpoint.init.InitialDataImport): Starting initial import of file 271-object-collection-audit-24h.xml.
2025-09-21 20:33:15,764 [] [main] INFO (com.evolveum.midpoint.init.InitialDataImport): Created objectCollection:00000000-0000-0000-0001-000000000285(Audit records in 24h) as part of initial import
2025-09-21 20:33:15,765 [] [main] INFO (com.evolveum.midpoint.init.InitialDataImport): Starting initial import of file 272-object-collection-audit-errors-24h.xml.
2025-09-21 20:33:15,773 [] [main] INFO (com.evolveum.midpoint.init.InitialDataImport): Created objectCollection:00000000-0000-0000-0001-000000000004(Error audit records in 24h) as part of initial import
2025-09-21 20:33:15,773 [] [main] INFO (com.evolveum.midpoint.init.InitialDataImport): Starting initial import of file 273-object-collection-audit-modifications-24h.xml.
2025-09-21 20:33:15,782 [] [main] INFO (com.evolveum.midpoint.init.InitialDataImport): Created objectCollection:00000000-0000-0000-0001-000000000002(Modification audit records in 24h) as part of initial import
2025-09-21 20:33:15,783 [] [main] INFO (com.evolveum.midpoint.init.InitialDataImport): Starting initial import of file 280-object-collection-certification-campaign-all.xml.
2025-09-21 20:33:15,792 [] [main] INFO (com.evolveum.midpoint.init.InitialDataImport): Created objectCollection:00000000-0000-0000-0001-000000000280(All certification campaigns) as part of initial import
2025-09-21 20:33:15,792 [] [main] INFO (com.evolveum.midpoint.init.InitialDataImport): Starting initial import of file 290-object-collection-shadow-all.xml.
2025-09-21 20:33:15,801 [] [main] INFO (com.evolveum.midpoint.init.InitialDataImport): Created objectCollection:00000000-0000-0000-0001-000000000008(All shadows) as part of initial import
2025-09-21 20:33:15,802 [] [main] INFO (com.evolveum.midpoint.init.InitialDataImport): Starting initial import of file 300-classification-privileged-access.xml.
2025-09-21 20:33:15,820 [] [main] INFO (com.evolveum.midpoint.init.InitialDataImport): Created policy:00000000-0000-0000-0000-000000000332(Privileged access) as part of initial import
2025-09-21 20:33:15,822 [] [main] INFO (com.evolveum.midpoint.init.InitialDataImport): Starting initial import of file 310-dashboard-admin.xml.
2025-09-21 20:33:15,838 [] [main] INFO (com.evolveum.midpoint.init.InitialDataImport): Created dashboard:00000000-0000-0000-0001-000000000001(admin-dashboard) as part of initial import
2025-09-21 20:33:15,838 [] [main] INFO (com.evolveum.midpoint.init.InitialDataImport): Starting initial import of file 330-object-collection-my-cases.xml.
2025-09-21 20:33:15,846 [] [main] INFO (com.evolveum.midpoint.init.InitialDataImport): Created objectCollection:00000000-0000-0000-0000-000000000344(My cases) as part of initial import
2025-09-21 20:33:15,847 [] [main] INFO (com.evolveum.midpoint.init.InitialDataImport): Starting initial import of file 340-object-collection-resource-templates.xml.
2025-09-21 20:33:15,853 [] [main] INFO (com.evolveum.midpoint.init.InitialDataImport): Created objectCollection:00000000-0000-0000-0001-000000000340(All resource templates) as part of initial import
2025-09-21 20:33:15,854 [] [main] INFO (com.evolveum.midpoint.init.InitialDataImport): Starting initial import of file 352-suspicious-objects.xml.
2025-09-21 20:33:15,861 [] [main] INFO (com.evolveum.midpoint.init.InitialDataImport): Created objectCollection:00000000-0000-0000-0001-000000000352(Suspicious objects) as part of initial import
2025-09-21 20:33:15,862 [] [main] INFO (com.evolveum.midpoint.init.InitialDataImport): Starting initial import of file 353-users-with-sod-violations.xml.
2025-09-21 20:33:15,869 [] [main] INFO (com.evolveum.midpoint.init.InitialDataImport): Created objectCollection:00000000-0000-0000-0001-000000000353(Users with SoD violations) as part of initial import
2025-09-21 20:33:15,869 [] [main] INFO (com.evolveum.midpoint.init.InitialDataImport): Starting initial import of file 354-roles-privileged.xml.
2025-09-21 20:33:15,877 [] [main] INFO (com.evolveum.midpoint.init.InitialDataImport): Created objectCollection:00000000-0000-0000-0001-000000000354(Privileged roles) as part of initial import
2025-09-21 20:33:15,877 [] [main] INFO (com.evolveum.midpoint.init.InitialDataImport): Starting initial import of file 357-suspicious-roles.xml.
2025-09-21 20:33:15,887 [] [main] INFO (com.evolveum.midpoint.init.InitialDataImport): Created objectCollection:00000000-0000-0000-0001-000000000357(Suspicious roles) as part of initial import
2025-09-21 20:33:15,887 [] [main] INFO (com.evolveum.midpoint.init.InitialDataImport): Starting initial import of file 358-suspicious-users.xml.
2025-09-21 20:33:15,896 [] [main] INFO (com.evolveum.midpoint.init.InitialDataImport): Created objectCollection:00000000-0000-0000-0001-000000000358(Suspicious users) as part of initial import
2025-09-21 20:33:15,898 [] [main] INFO (com.evolveum.midpoint.init.InitialDataImport): Starting initial import of file 380-object-template-person.xml.
2025-09-21 20:33:15,910 [] [main] INFO (com.evolveum.midpoint.init.InitialDataImport): Created objectTemplate:00000000-0000-0000-0000-000000000380(Person Object Template) as part of initial import
2025-09-21 20:33:15,911 [] [main] INFO (com.evolveum.midpoint.init.InitialDataImport): Starting initial import of file 501-archetype-task-reconciliation.xml.
2025-09-21 20:33:15,925 [] [main] INFO (com.evolveum.midpoint.init.InitialDataImport): Created archetype:00000000-0000-0000-0000-000000000501(Reconciliation task) as part of initial import
2025-09-21 20:33:15,926 [] [main] INFO (com.evolveum.midpoint.init.InitialDataImport): Starting initial import of file 502-archetype-task-recomputation.xml.
2025-09-21 20:33:15,941 [] [main] INFO (com.evolveum.midpoint.init.InitialDataImport): Created archetype:00000000-0000-0000-0000-000000000502(Recomputation task) as part of initial import
2025-09-21 20:33:15,942 [] [main] INFO (com.evolveum.midpoint.init.InitialDataImport): Starting initial import of file 503-archetype-task-import.xml.
2025-09-21 20:33:15,954 [] [main] INFO (com.evolveum.midpoint.init.InitialDataImport): Created archetype:00000000-0000-0000-0000-000000000503(Import task) as part of initial import
2025-09-21 20:33:15,956 [] [main] INFO (com.evolveum.midpoint.init.InitialDataImport): Starting initial import of file 504-archetype-task-live-sync.xml.
2025-09-21 20:33:15,971 [] [main] INFO (com.evolveum.midpoint.init.InitialDataImport): Created archetype:00000000-0000-0000-0000-000000000504(Live synchronization task) as part of initial import
2025-09-21 20:33:15,972 [] [main] INFO (com.evolveum.midpoint.init.InitialDataImport): Starting initial import of file 505-archetype-task-async-update.xml.
2025-09-21 20:33:15,985 [] [main] INFO (com.evolveum.midpoint.init.InitialDataImport): Created archetype:00000000-0000-0000-0000-000000000505(Asynchronous update task) as part of initial import
2025-09-21 20:33:15,986 [] [main] INFO (com.evolveum.midpoint.init.InitialDataImport): Starting initial import of file 506-archetype-task-cleanup.xml.
2025-09-21 20:33:16,000 [] [main] INFO (com.evolveum.midpoint.init.InitialDataImport): Created archetype:00000000-0000-0000-0000-000000000506(Cleanup task) as part of initial import
2025-09-21 20:33:16,001 [] [main] INFO (com.evolveum.midpoint.init.InitialDataImport): Starting initial import of file 507-archetype-task-report.xml.
2025-09-21 20:33:16,014 [] [main] INFO (com.evolveum.midpoint.init.InitialDataImport): Created archetype:00000000-0000-0000-0000-000000000507(Report task) as part of initial import
2025-09-21 20:33:16,015 [] [main] INFO (com.evolveum.midpoint.init.InitialDataImport): Starting initial import of file 508-archetype-task-single-bulk-action.xml.
2025-09-21 20:33:16,027 [] [main] INFO (com.evolveum.midpoint.init.InitialDataImport): Created archetype:00000000-0000-0000-0000-000000000508(Single action task) as part of initial import
2025-09-21 20:33:16,028 [] [main] INFO (com.evolveum.midpoint.init.InitialDataImport): Starting initial import of file 509-archetype-task-iterative-bulk-action.xml.
2025-09-21 20:33:16,040 [] [main] INFO (com.evolveum.midpoint.init.InitialDataImport): Created archetype:00000000-0000-0000-0000-000000000509(Iterative action task) as part of initial import
2025-09-21 20:33:16,041 [] [main] INFO (com.evolveum.midpoint.init.InitialDataImport): Starting initial import of file 510-archetype-task-report-import-classic.xml.
2025-09-21 20:33:16,051 [] [main] INFO (com.evolveum.midpoint.init.InitialDataImport): Created archetype:00000000-0000-0000-0000-000000000510(Report import task) as part of initial import
2025-09-21 20:33:16,052 [] [main] INFO (com.evolveum.midpoint.init.InitialDataImport): Starting initial import of file 511-archetype-task-report-export-classic.xml.
2025-09-21 20:33:16,062 [] [main] INFO (com.evolveum.midpoint.init.InitialDataImport): Created archetype:00000000-0000-0000-0000-000000000511(Report export task) as part of initial import
2025-09-21 20:33:16,063 [] [main] INFO (com.evolveum.midpoint.init.InitialDataImport): Starting initial import of file 512-archetype-task-report-export-distributed.xml.
2025-09-21 20:33:16,072 [] [main] INFO (com.evolveum.midpoint.init.InitialDataImport): Created archetype:00000000-0000-0000-0000-000000000512(Distributed report export task) as part of initial import
2025-09-21 20:33:16,075 [] [main] INFO (com.evolveum.midpoint.init.InitialDataImport): Starting initial import of file 513-archetype-task-shadow-integrity-check.xml.
2025-09-21 20:33:16,088 [] [main] INFO (com.evolveum.midpoint.init.InitialDataImport): Created archetype:00000000-0000-0000-0000-000000000513(Shadow integrity check task) as part of initial import
2025-09-21 20:33:16,089 [] [main] INFO (com.evolveum.midpoint.init.InitialDataImport): Starting initial import of file 514-archetype-task-shadows-refresh.xml.
2025-09-21 20:33:16,101 [] [main] INFO (com.evolveum.midpoint.init.InitialDataImport): Created archetype:00000000-0000-0000-0000-000000000514(Refresh shadows task) as part of initial import
2025-09-21 20:33:16,102 [] [main] INFO (com.evolveum.midpoint.init.InitialDataImport): Starting initial import of file 515-archetype-task-objects-delete.xml.
2025-09-21 20:33:16,113 [] [main] INFO (com.evolveum.midpoint.init.InitialDataImport): Created archetype:00000000-0000-0000-0000-000000000515(Delete objects task) as part of initial import
2025-09-21 20:33:16,114 [] [main] INFO (com.evolveum.midpoint.init.InitialDataImport): Starting initial import of file 516-archetype-task-shadows-delete-long-time-not-updated.xml.
2025-09-21 20:33:16,126 [] [main] INFO (com.evolveum.midpoint.init.InitialDataImport): Created archetype:00000000-0000-0000-0000-000000000516(Delete long time not updated shadows task) as part of initial import
2025-09-21 20:33:16,127 [] [main] INFO (com.evolveum.midpoint.init.InitialDataImport): Starting initial import of file 517-archetype-task-execute-change.xml.
2025-09-21 20:33:16,139 [] [main] INFO (com.evolveum.midpoint.init.InitialDataImport): Created archetype:00000000-0000-0000-0000-000000000517(Execute change task (one delta applicable for many objects)) as part of initial import
2025-09-21 20:33:16,140 [] [main] INFO (com.evolveum.midpoint.init.InitialDataImport): Starting initial import of file 518-archetype-task-execute-deltas.xml.
2025-09-21 20:33:16,153 [] [main] INFO (com.evolveum.midpoint.init.InitialDataImport): Created archetype:00000000-0000-0000-0000-000000000518(Execute deltas task (background processing for change execution)) as part of initial import
2025-09-21 20:33:16,154 [] [main] INFO (com.evolveum.midpoint.init.InitialDataImport): Starting initial import of file 519-archetype-task-reindex-repository.xml.
2025-09-21 20:33:16,169 [] [main] INFO (com.evolveum.midpoint.init.InitialDataImport): Created archetype:00000000-0000-0000-0000-000000000519(Reindex repository task) as part of initial import
2025-09-21 20:33:16,170 [] [main] INFO (com.evolveum.midpoint.init.InitialDataImport): Starting initial import of file 520-archetype-task-certification.xml.
2025-09-21 20:33:16,185 [] [main] INFO (com.evolveum.midpoint.init.InitialDataImport): Created archetype:00000000-0000-0000-0000-000000000520(Certification-related task) as part of initial import
2025-09-21 20:33:16,186 [] [main] INFO (com.evolveum.midpoint.init.InitialDataImport): Starting initial import of file 521-archetype-task-approval.xml.
2025-09-21 20:33:16,200 [] [main] INFO (com.evolveum.midpoint.init.InitialDataImport): Created archetype:00000000-0000-0000-0000-000000000521(Approval-related task) as part of initial import
2025-09-21 20:33:16,201 [] [main] INFO (com.evolveum.midpoint.init.InitialDataImport): Starting initial import of file 522-archetype-task-object-integrity-check.xml.
2025-09-21 20:33:16,214 [] [main] INFO (com.evolveum.midpoint.init.InitialDataImport): Created archetype:00000000-0000-0000-0000-000000000522(Object integrity check task) as part of initial import
2025-09-21 20:33:16,215 [] [main] INFO (com.evolveum.midpoint.init.InitialDataImport): Starting initial import of file 523-archetype-task-shadow-reclassification.xml.
2025-09-21 20:33:16,227 [] [main] INFO (com.evolveum.midpoint.init.InitialDataImport): Created archetype:00000000-0000-0000-0000-000000000523(Shadow reclassification task) as part of initial import
2025-09-21 20:33:16,228 [] [main] INFO (com.evolveum.midpoint.init.InitialDataImport): Starting initial import of file 528-archetype-task-util.xml.
2025-09-21 20:33:16,246 [] [main] INFO (com.evolveum.midpoint.init.InitialDataImport): Created archetype:00000000-0000-0000-0000-000000000528(Utility task) as part of initial import
2025-09-21 20:33:16,247 [] [main] INFO (com.evolveum.midpoint.init.InitialDataImport): Starting initial import of file 529-archetype-task-system.xml.
2025-09-21 20:33:16,257 [] [main] INFO (com.evolveum.midpoint.init.InitialDataImport): Created archetype:00000000-0000-0000-0000-000000000529(System task) as part of initial import
2025-09-21 20:33:16,258 [] [main] INFO (com.evolveum.midpoint.init.InitialDataImport): Starting initial import of file 530-archetype-task-validity.xml.
2025-09-21 20:33:16,269 [] [main] INFO (com.evolveum.midpoint.init.InitialDataImport): Created archetype:00000000-0000-0000-0000-000000000530(Validity scanner task) as part of initial import
2025-09-21 20:33:16,270 [] [main] INFO (com.evolveum.midpoint.init.InitialDataImport): Starting initial import of file 531-archetype-task-trigger.xml.
2025-09-21 20:33:16,281 [] [main] INFO (com.evolveum.midpoint.init.InitialDataImport): Created archetype:00000000-0000-0000-0000-000000000531(Trigger scanner task) as part of initial import
2025-09-21 20:33:16,282 [] [main] INFO (com.evolveum.midpoint.init.InitialDataImport): Starting initial import of file 532-archetype-task-propagation.xml.
2025-09-21 20:33:16,294 [] [main] INFO (com.evolveum.midpoint.init.InitialDataImport): Created archetype:00000000-0000-0000-0000-000000000532(Provisioning propagation task (one resource)) as part of initial import
2025-09-21 20:33:16,294 [] [main] INFO (com.evolveum.midpoint.init.InitialDataImport): Starting initial import of file 533-archetype-task-multi-propagation.xml.
2025-09-21 20:33:16,305 [] [main] INFO (com.evolveum.midpoint.init.InitialDataImport): Created archetype:00000000-0000-0000-0000-000000000533(Provisioning propagation task (many resources)) as part of initial import
2025-09-21 20:33:16,306 [] [main] INFO (com.evolveum.midpoint.init.InitialDataImport): Starting initial import of file 534-archetype-task-certification-open-next-stage.xml.
2025-09-21 20:33:16,315 [] [main] INFO (com.evolveum.midpoint.init.InitialDataImport): Created archetype:00000000-0000-0000-0000-000000000534(Certification-campaign-open-next-stage task) as part of initial import
2025-09-21 20:33:16,316 [] [main] INFO (com.evolveum.midpoint.init.InitialDataImport): Starting initial import of file 535-archetype-task-certification-remediation.xml.
2025-09-21 20:33:16,326 [] [main] INFO (com.evolveum.midpoint.init.InitialDataImport): Created archetype:00000000-0000-0000-0000-000000000535(Certification-remediation-related task) as part of initial import
2025-09-21 20:33:16,327 [] [main] INFO (com.evolveum.midpoint.init.InitialDataImport): Starting initial import of file 536-archetype-task-certification-start-campaign.xml.
2025-09-21 20:33:16,336 [] [main] INFO (com.evolveum.midpoint.init.InitialDataImport): Created archetype:00000000-0000-0000-0000-000000000536(Certification-campaign-start-related task) as part of initial import
2025-09-21 20:33:16,337 [] [main] INFO (com.evolveum.midpoint.init.InitialDataImport): Starting initial import of file 537-archetype-task-certification-close-current-stage.xml.
2025-09-21 20:33:16,345 [] [main] INFO (com.evolveum.midpoint.init.InitialDataImport): Created archetype:00000000-0000-0000-0000-000000000537(Certification-campaign-close-current-stage task) as part of initial import
2025-09-21 20:33:16,345 [] [main] INFO (com.evolveum.midpoint.init.InitialDataImport): Starting initial import of file 538-archetype-task-certification-reiterate-campaign.xml.
2025-09-21 20:33:16,354 [] [main] INFO (com.evolveum.midpoint.init.InitialDataImport): Created archetype:00000000-0000-0000-0000-000000000538(Certification-campaign-reiterate task) as part of initial import
2025-09-21 20:33:16,354 [] [main] INFO (com.evolveum.midpoint.init.InitialDataImport): Starting initial import of file 550-task-cleanup.xml.
2025-09-21 20:33:16,389 [] [main] INFO (com.evolveum.midpoint.init.InitialDataImport): Created task:00000000-0000-0000-0000-000000000005(Cleanup) as part of initial import
2025-09-21 20:33:16,389 [] [main] INFO (com.evolveum.midpoint.init.InitialDataImport): Starting initial import of file 560-task-validity.xml.
2025-09-21 20:33:16,428 [] [main] INFO (com.evolveum.midpoint.init.InitialDataImport): Created task:00000000-0000-0000-0000-000000000006(Validity Scanner) as part of initial import
2025-09-21 20:33:16,429 [] [main] INFO (com.evolveum.midpoint.init.InitialDataImport): Starting initial import of file 570-task-trigger.xml.
2025-09-21 20:33:16,484 [] [main] INFO (com.evolveum.midpoint.init.InitialDataImport): Created task:00000000-0000-0000-0000-000000000007(Trigger Scanner) as part of initial import
2025-09-21 20:33:16,487 [] [main] INFO (com.evolveum.midpoint.init.InitialDataImport): Starting initial import of file 600-origin-internal.xml.
2025-09-21 20:33:16,504 [] [main] INFO (com.evolveum.midpoint.init.InitialDataImport): Created service:00000000-0000-0000-0000-000000000600(Internal) as part of initial import
2025-09-21 20:33:16,505 [] [main] INFO (com.evolveum.midpoint.init.InitialDataImport): Starting initial import of file 601-origin-user-entry.xml.
2025-09-21 20:33:16,513 [] [main] INFO (com.evolveum.midpoint.init.InitialDataImport): Created service:00000000-0000-0000-0000-000000000601(User entry) as part of initial import
2025-09-21 20:33:16,513 [] [main] INFO (com.evolveum.midpoint.init.InitialDataImport): Starting initial import of file 610-service-identity-recovery.xml.
2025-09-21 20:33:16,523 [] [main] INFO (com.evolveum.midpoint.init.InitialDataImport): Created service:00000000-0000-0000-0000-000000000610(Identity recovery) as part of initial import
2025-09-21 20:33:16,523 [] [main] INFO (com.evolveum.midpoint.init.InitialDataImport): Starting initial import of file 700-archetype-event-mark.xml.
2025-09-21 20:33:16,533 [] [main] INFO (com.evolveum.midpoint.init.InitialDataImport): Created archetype:00000000-0000-0000-0000-000000000700(Event mark) as part of initial import
2025-09-21 20:33:16,534 [] [main] INFO (com.evolveum.midpoint.init.InitialDataImport): Starting initial import of file 701-archetype-object-mark.xml.
2025-09-21 20:33:16,545 [] [main] INFO (com.evolveum.midpoint.init.InitialDataImport): Created archetype:00000000-0000-0000-0000-000000000701(Object mark) as part of initial import
2025-09-21 20:33:16,545 [] [main] INFO (com.evolveum.midpoint.init.InitialDataImport): Starting initial import of file 702-archetype-person.xml.
2025-09-21 20:33:16,557 [] [main] INFO (com.evolveum.midpoint.init.InitialDataImport): Created archetype:00000000-0000-0000-0000-000000000702(Person) as part of initial import
2025-09-21 20:33:16,558 [] [main] INFO (com.evolveum.midpoint.init.InitialDataImport): Starting initial import of file 703-archetype-resource-template.xml.
2025-09-21 20:33:16,569 [] [main] INFO (com.evolveum.midpoint.init.InitialDataImport): Created archetype:00000000-0000-0000-0000-000000000703(Resource template) as part of initial import
2025-09-21 20:33:16,570 [] [main] INFO (com.evolveum.midpoint.init.InitialDataImport): Starting initial import of file 705-archetype-shadow-policy-mark.xml.
2025-09-21 20:33:16,582 [] [main] INFO (com.evolveum.midpoint.init.InitialDataImport): Created archetype:00000000-0000-0000-0000-000000000705(Shadow policy mark) as part of initial import
2025-09-21 20:33:16,583 [] [main] INFO (com.evolveum.midpoint.init.InitialDataImport): Starting initial import of file 710-mark-focus-activated.xml.
2025-09-21 20:33:16,597 [] [main] INFO (com.evolveum.midpoint.init.InitialDataImport): Created mark:00000000-0000-0000-0000-000000000710(Focus activated) as part of initial import
2025-09-21 20:33:16,598 [] [main] INFO (com.evolveum.midpoint.init.InitialDataImport): Starting initial import of file 711-mark-focus-deactivated.xml.
2025-09-21 20:33:16,611 [] [main] INFO (com.evolveum.midpoint.init.InitialDataImport): Created mark:00000000-0000-0000-0000-000000000711(Focus deactivated) as part of initial import
2025-09-21 20:33:16,612 [] [main] INFO (com.evolveum.midpoint.init.InitialDataImport): Starting initial import of file 712-mark-focus-renamed.xml.
2025-09-21 20:33:16,623 [] [main] INFO (com.evolveum.midpoint.init.InitialDataImport): Created mark:00000000-0000-0000-0000-000000000712(Focus renamed) as part of initial import
2025-09-21 20:33:16,624 [] [main] INFO (com.evolveum.midpoint.init.InitialDataImport): Starting initial import of file 713-mark-focus-assignment-changed.xml.
2025-09-21 20:33:16,637 [] [main] INFO (com.evolveum.midpoint.init.InitialDataImport): Created mark:00000000-0000-0000-0000-000000000713(Focus assignments changed) as part of initial import
2025-09-21 20:33:16,637 [] [main] INFO (com.evolveum.midpoint.init.InitialDataImport): Starting initial import of file 714-mark-focus-archetype-changed.xml.
2025-09-21 20:33:16,650 [] [main] INFO (com.evolveum.midpoint.init.InitialDataImport): Created mark:00000000-0000-0000-0000-000000000714(Focus archetype changed) as part of initial import
2025-09-21 20:33:16,650 [] [main] INFO (com.evolveum.midpoint.init.InitialDataImport): Starting initial import of file 715-mark-focus-parent-org-reference-changed.xml.
2025-09-21 20:33:16,664 [] [main] INFO (com.evolveum.midpoint.init.InitialDataImport): Created mark:00000000-0000-0000-0000-000000000715(Focus parent organization reference changed) as part of initial import
2025-09-21 20:33:16,664 [] [main] INFO (com.evolveum.midpoint.init.InitialDataImport): Starting initial import of file 716-mark-focus-role-membership-changed.xml.
2025-09-21 20:33:16,680 [] [main] INFO (com.evolveum.midpoint.init.InitialDataImport): Created mark:00000000-0000-0000-0000-000000000716(Focus role membership changed) as part of initial import
2025-09-21 20:33:16,681 [] [main] INFO (com.evolveum.midpoint.init.InitialDataImport): Starting initial import of file 730-mark-projection-activated.xml.
2025-09-21 20:33:16,695 [] [main] INFO (com.evolveum.midpoint.init.InitialDataImport): Created mark:00000000-0000-0000-0000-000000000730(Projection activated) as part of initial import
2025-09-21 20:33:16,696 [] [main] INFO (com.evolveum.midpoint.init.InitialDataImport): Starting initial import of file 731-mark-projection-deactivated.xml.
2025-09-21 20:33:16,711 [] [main] INFO (com.evolveum.midpoint.init.InitialDataImport): Created mark:00000000-0000-0000-0000-000000000731(Projection deactivated) as part of initial import
2025-09-21 20:33:16,712 [] [main] INFO (com.evolveum.midpoint.init.InitialDataImport): Starting initial import of file 732-mark-projection-renamed.xml.
2025-09-21 20:33:16,727 [] [main] INFO (com.evolveum.midpoint.init.InitialDataImport): Created mark:00000000-0000-0000-0000-000000000732(Projection renamed) as part of initial import
2025-09-21 20:33:16,728 [] [main] INFO (com.evolveum.midpoint.init.InitialDataImport): Starting initial import of file 733-mark-projection-identifier-changed.xml.
2025-09-21 20:33:16,742 [] [main] INFO (com.evolveum.midpoint.init.InitialDataImport): Created mark:00000000-0000-0000-0000-000000000733(Projection identifier changed) as part of initial import
2025-09-21 20:33:16,743 [] [main] INFO (com.evolveum.midpoint.init.InitialDataImport): Starting initial import of file 734-mark-projection-entitlement-changed.xml.
2025-09-21 20:33:16,758 [] [main] INFO (com.evolveum.midpoint.init.InitialDataImport): Created mark:00000000-0000-0000-0000-000000000734(Projection entitlement changed) as part of initial import
2025-09-21 20:33:16,759 [] [main] INFO (com.evolveum.midpoint.init.InitialDataImport): Starting initial import of file 735-mark-projection-password-changed.xml.
2025-09-21 20:33:16,774 [] [main] INFO (com.evolveum.midpoint.init.InitialDataImport): Created mark:00000000-0000-0000-0000-000000000735(Projection password changed) as part of initial import
2025-09-21 20:33:16,775 [] [main] INFO (com.evolveum.midpoint.init.InitialDataImport): Starting initial import of file 736-mark-shadow-classification-changed.xml.
2025-09-21 20:33:16,792 [] [main] INFO (com.evolveum.midpoint.init.InitialDataImport): Created mark:00000000-0000-0000-0000-000000000736(Shadow classification changed) as part of initial import
2025-09-21 20:33:16,793 [] [main] INFO (com.evolveum.midpoint.init.InitialDataImport): Starting initial import of file 737-mark-shadow-correlation-state-changed.xml.
2025-09-21 20:33:16,807 [] [main] INFO (com.evolveum.midpoint.init.InitialDataImport): Created mark:00000000-0000-0000-0000-000000000737(Shadow correlation state changed) as part of initial import
2025-09-21 20:33:16,808 [] [main] INFO (com.evolveum.midpoint.init.InitialDataImport): Starting initial import of file 738-mark-projection-resource-object-affected.xml.
2025-09-21 20:33:16,824 [] [main] INFO (com.evolveum.midpoint.init.InitialDataImport): Created mark:00000000-0000-0000-0000-000000000738(Resource object affected) as part of initial import
2025-09-21 20:33:16,825 [] [main] INFO (com.evolveum.midpoint.init.InitialDataImport): Starting initial import of file 800-mark-protected.xml.
2025-09-21 20:33:16,847 [] [main] INFO (com.evolveum.midpoint.init.InitialDataImport): Created mark:00000000-0000-0000-0000-000000000800(Protected) as part of initial import
2025-09-21 20:33:16,848 [] [main] INFO (com.evolveum.midpoint.init.InitialDataImport): Starting initial import of file 801-mark-decommission-later.xml.
2025-09-21 20:33:16,866 [] [main] INFO (com.evolveum.midpoint.init.InitialDataImport): Created mark:00000000-0000-0000-0000-000000000801(Decommission later) as part of initial import
2025-09-21 20:33:16,867 [] [main] INFO (com.evolveum.midpoint.init.InitialDataImport): Starting initial import of file 802-mark-correlate-later.xml.
2025-09-21 20:33:16,884 [] [main] INFO (com.evolveum.midpoint.init.InitialDataImport): Created mark:00000000-0000-0000-0000-000000000802(Correlate later) as part of initial import
2025-09-21 20:33:16,884 [] [main] INFO (com.evolveum.midpoint.init.InitialDataImport): Starting initial import of file 803-mark-do-not-touch.xml.
2025-09-21 20:33:16,903 [] [main] INFO (com.evolveum.midpoint.init.InitialDataImport): Created mark:00000000-0000-0000-0000-000000000803(Do not touch) as part of initial import
2025-09-21 20:33:16,903 [] [main] INFO (com.evolveum.midpoint.init.InitialDataImport): Starting initial import of file 804-mark-invalid-data.xml.
2025-09-21 20:33:16,921 [] [main] INFO (com.evolveum.midpoint.init.InitialDataImport): Created mark:00000000-0000-0000-0000-000000000804(Invalid data) as part of initial import
2025-09-21 20:33:16,922 [] [main] INFO (com.evolveum.midpoint.init.InitialDataImport): Starting initial import of file 805-mark-unmanaged.xml.
2025-09-21 20:33:16,941 [] [main] INFO (com.evolveum.midpoint.init.InitialDataImport): Created mark:00000000-0000-0000-0000-000000000805(Unmanaged) as part of initial import
2025-09-21 20:33:16,942 [] [main] INFO (com.evolveum.midpoint.init.InitialDataImport): Starting initial import of file 806-mark-managed.xml.
2025-09-21 20:33:16,960 [] [main] INFO (com.evolveum.midpoint.init.InitialDataImport): Created mark:00000000-0000-0000-0000-000000000806(Managed) as part of initial import
2025-09-21 20:33:16,961 [] [main] INFO (com.evolveum.midpoint.init.InitialDataImport): Starting initial import of file 811-exclusion-violation.xml.
2025-09-21 20:33:16,981 [] [main] INFO (com.evolveum.midpoint.init.InitialDataImport): Created mark:00000000-0000-0000-0000-000000000811(Exclusion violation) as part of initial import
2025-09-21 20:33:16,982 [] [main] INFO (com.evolveum.midpoint.init.InitialDataImport): Starting initial import of file 812-requirement-violation.xml.
2025-09-21 20:33:17,002 [] [main] INFO (com.evolveum.midpoint.init.InitialDataImport): Created mark:00000000-0000-0000-0000-000000000812(Requirement violation) as part of initial import
2025-09-21 20:33:17,003 [] [main] INFO (com.evolveum.midpoint.init.InitialDataImport): Starting initial import of file 813-underassigned.xml.
2025-09-21 20:33:17,022 [] [main] INFO (com.evolveum.midpoint.init.InitialDataImport): Created mark:00000000-0000-0000-0000-000000000813(Underassigned) as part of initial import
2025-09-21 20:33:17,023 [] [main] INFO (com.evolveum.midpoint.init.InitialDataImport): Starting initial import of file 814-overassigned.xml.
2025-09-21 20:33:17,043 [] [main] INFO (com.evolveum.midpoint.init.InitialDataImport): Created mark:00000000-0000-0000-0000-000000000814(Overassigned) as part of initial import
2025-09-21 20:33:17,043 [] [main] INFO (com.evolveum.midpoint.init.InitialDataImport): Starting initial import of file 815-object-modified.xml.
2025-09-21 20:33:17,070 [] [main] INFO (com.evolveum.midpoint.init.InitialDataImport): Created mark:00000000-0000-0000-0000-000000000815(Object modified) as part of initial import
2025-09-21 20:33:17,071 [] [main] INFO (com.evolveum.midpoint.init.InitialDataImport): Starting initial import of file 816-assignment-modified.xml.
2025-09-21 20:33:17,090 [] [main] INFO (com.evolveum.midpoint.init.InitialDataImport): Created mark:00000000-0000-0000-0000-000000000816(Assignment modified) as part of initial import
2025-09-21 20:33:17,091 [] [main] INFO (com.evolveum.midpoint.init.InitialDataImport): Starting initial import of file 817-has-assignment.xml.
2025-09-21 20:33:17,111 [] [main] INFO (com.evolveum.midpoint.init.InitialDataImport): Created mark:00000000-0000-0000-0000-000000000817(Has assignment) as part of initial import
2025-09-21 20:33:17,112 [] [main] INFO (com.evolveum.midpoint.init.InitialDataImport): Starting initial import of file 818-has-no-assignment.xml.
2025-09-21 20:33:17,130 [] [main] INFO (com.evolveum.midpoint.init.InitialDataImport): Created mark:00000000-0000-0000-0000-000000000818(Has no assignment) as part of initial import
2025-09-21 20:33:17,131 [] [main] INFO (com.evolveum.midpoint.init.InitialDataImport): Starting initial import of file 819-object-state.xml.
2025-09-21 20:33:17,151 [] [main] INFO (com.evolveum.midpoint.init.InitialDataImport): Created mark:00000000-0000-0000-0000-000000000819(Object state) as part of initial import
2025-09-21 20:33:17,151 [] [main] INFO (com.evolveum.midpoint.init.InitialDataImport): Starting initial import of file 820-assignment-state.xml.
2025-09-21 20:33:17,170 [] [main] INFO (com.evolveum.midpoint.init.InitialDataImport): Created mark:00000000-0000-0000-0000-000000000820(Assignment state) as part of initial import
2025-09-21 20:33:17,171 [] [main] INFO (com.evolveum.midpoint.init.InitialDataImport): Starting initial import of file 821-object-time-validity.xml.
2025-09-21 20:33:17,190 [] [main] INFO (com.evolveum.midpoint.init.InitialDataImport): Created mark:00000000-0000-0000-0000-000000000821(Object time validity) as part of initial import
2025-09-21 20:33:17,191 [] [main] INFO (com.evolveum.midpoint.init.InitialDataImport): Starting initial import of file 822-assignment-time-validity.xml.
2025-09-21 20:33:17,210 [] [main] INFO (com.evolveum.midpoint.init.InitialDataImport): Created mark:00000000-0000-0000-0000-000000000822(Assignment time validity) as part of initial import
2025-09-21 20:33:17,211 [] [main] INFO (com.evolveum.midpoint.init.InitialDataImport): Starting initial import of file 830-suspicious.xml.
2025-09-21 20:33:17,239 [] [main] INFO (com.evolveum.midpoint.init.InitialDataImport): Created mark:00000000-0000-0000-0000-000000000830(Suspicious) as part of initial import
2025-09-21 20:33:17,240 [] [main] INFO (com.evolveum.midpoint.init.InitialDataImport): Initial object import finished (147 objects imported, 0 errors, 0 skipped)
2025-09-21 20:33:17,241 [] [main] INFO (com.evolveum.midpoint.init.ModelInitialSetup): Model post initialization.
2025-09-21 20:33:17,243 [MODEL] [main] WARN (com.evolveum.midpoint.repo.cache.global.GlobalObjectCache): Global object cache was already initialized -- ignoring this request.
2025-09-21 20:33:17,244 [MODEL] [main] WARN (com.evolveum.midpoint.repo.cache.global.GlobalVersionCache): Global version cache was already initialized -- ignoring this request.
2025-09-21 20:33:17,244 [MODEL] [main] WARN (com.evolveum.midpoint.repo.cache.global.GlobalQueryCache): Global query cache was already initialized -- ignoring this request.
2025-09-21 20:33:17,339 [PROVISIONING] [main] INFO (com.evolveum.midpoint.provisioning.impl.resources.ConnectorManager): Discovered new connector connector:ca448df7-a453-4a4d-9b5a-467231931120(ConnId com.evolveum.polygon.connector.ldap.ad.AdLdapConnector v3.9.1)
2025-09-21 20:33:17,343 [PROVISIONING] [main] INFO (com.evolveum.midpoint.provisioning.impl.resources.ConnectorManager): Discovered new connector connector:b9fa8c3a-db2f-453a-8b23-085b99043453(ConnId com.evolveum.polygon.connector.ldap.LdapConnector v3.9.1)
2025-09-21 20:33:17,346 [PROVISIONING] [main] INFO (com.evolveum.midpoint.provisioning.impl.resources.ConnectorManager): Discovered new connector connector:649f07aa-13ed-42f9-a9a9-787b57bda6ee(ConnId org.identityconnectors.databasetable.DatabaseTableConnector v1.5.2.0)
2025-09-21 20:33:17,349 [PROVISIONING] [main] INFO (com.evolveum.midpoint.provisioning.impl.resources.ConnectorManager): Discovered new connector connector:c59126af-d285-43cf-8e08-c3270253ecd4(ConnId com.evolveum.polygon.connector.csv.CsvConnector v2.8)
2025-09-21 20:33:17,861 [PROVISIONING] [main] INFO (com.evolveum.midpoint.provisioning.impl.resources.ConnectorManager): Discovered new connector connector:9726bce5-4f8c-4e66-97ff-e515016dcf16(Built-in ManualConnector v1.0.0)
2025-09-21 20:33:17,863 [PROVISIONING] [main] INFO (com.evolveum.midpoint.provisioning.impl.resources.ConnectorManager): Discovered new connector connector:567ebc3d-43a9-48ee-8a1a-aeb30acff5c3(Built-in AsyncUpdateConnector v1.0.0)
2025-09-21 20:33:17,865 [PROVISIONING] [main] INFO (com.evolveum.midpoint.provisioning.impl.resources.ConnectorManager): Discovered new connector connector:ae68c5db-1e3e-419e-b86d-72a0bd439aef(Built-in AsyncProvisioningConnector v1.0.0)
2025-09-21 20:33:17,866 [PROVISIONING] [main] INFO (com.evolveum.midpoint.provisioning.impl.ProvisioningServiceImpl): Discovered local connector connector: Built-in ManualConnector v1.0.0 (OID:9726bce5-4f8c-4e66-97ff-e515016dcf16)
2025-09-21 20:33:17,866 [PROVISIONING] [main] INFO (com.evolveum.midpoint.provisioning.impl.ProvisioningServiceImpl): Discovered local connector connector: ConnId com.evolveum.polygon.connector.csv.CsvConnector v2.8 (OID:c59126af-d285-43cf-8e08-c3270253ecd4)
2025-09-21 20:33:17,866 [PROVISIONING] [main] INFO (com.evolveum.midpoint.provisioning.impl.ProvisioningServiceImpl): Discovered local connector connector: Built-in AsyncProvisioningConnector v1.0.0 (OID:ae68c5db-1e3e-419e-b86d-72a0bd439aef)
2025-09-21 20:33:17,866 [PROVISIONING] [main] INFO (com.evolveum.midpoint.provisioning.impl.ProvisioningServiceImpl): Discovered local connector connector: ConnId com.evolveum.polygon.connector.ldap.LdapConnector v3.9.1 (OID:b9fa8c3a-db2f-453a-8b23-085b99043453)
2025-09-21 20:33:17,866 [PROVISIONING] [main] INFO (com.evolveum.midpoint.provisioning.impl.ProvisioningServiceImpl): Discovered local connector connector: ConnId org.identityconnectors.databasetable.DatabaseTableConnector v1.5.2.0 (OID:649f07aa-13ed-42f9-a9a9-787b57bda6ee)
2025-09-21 20:33:17,866 [PROVISIONING] [main] INFO (com.evolveum.midpoint.provisioning.impl.ProvisioningServiceImpl): Discovered local connector connector: ConnId com.evolveum.polygon.connector.ldap.ad.AdLdapConnector v3.9.1 (OID:ca448df7-a453-4a4d-9b5a-467231931120)
2025-09-21 20:33:17,866 [PROVISIONING] [main] INFO (com.evolveum.midpoint.provisioning.impl.ProvisioningServiceImpl): Discovered local connector connector: Built-in AsyncUpdateConnector v1.0.0 (OID:567ebc3d-43a9-48ee-8a1a-aeb30acff5c3)
2025-09-21 20:33:17,866 [] [main] INFO (com.evolveum.midpoint.init.ModelInitialSetup): Model post initialization finished successfully.
2025-09-21 20:33:17,869 [] [main] INFO (com.evolveum.midpoint.init.PostInitialDataImport): Starting initial object import (if necessary).
2025-09-21 20:33:17,869 [] [main] INFO (com.evolveum.midpoint.init.PostInitialDataImport): Directory /opt/midpoint/var/ exists. Using it.
2025-09-21 20:33:17,869 [] [main] INFO (com.evolveum.midpoint.init.PostInitialDataImport): Directory /opt/midpoint/var/post-initial-objects does not exist. Creating.
2025-09-21 20:33:17,869 [] [main] INFO (com.evolveum.midpoint.init.PostInitialDataImport): Post-initial object import finished (0 objects imported, 0 scripts executed)
2025-09-21 20:33:18,155 [] [main] INFO (org.springframework.boot.actuate.endpoint.web.EndpointLinksResolver): Exposing 6 endpoints beneath base path '/actuator'
2025-09-21 20:33:18,237 [] [main] WARN (org.springframework.security.config.annotation.web.builders.WebSecurity): You are asking Spring Security to ignore Ant [pattern='/model/**']. This is not recommended -- please use permitAll via HttpSecurity#authorizeHttpRequests instead.
2025-09-21 20:33:18,237 [] [main] WARN (org.springframework.security.config.annotation.web.builders.WebSecurity): You are asking Spring Security to ignore Ant [pattern='/report']. This is not recommended -- please use permitAll via HttpSecurity#authorizeHttpRequests instead.
2025-09-21 20:33:18,237 [] [main] WARN (org.springframework.security.config.annotation.web.builders.WebSecurity): You are asking Spring Security to ignore Ant [pattern='/js/**']. This is not recommended -- please use permitAll via HttpSecurity#authorizeHttpRequests instead.
2025-09-21 20:33:18,238 [] [main] WARN (org.springframework.security.config.annotation.web.builders.WebSecurity): You are asking Spring Security to ignore Ant [pattern='/css/**']. This is not recommended -- please use permitAll via HttpSecurity#authorizeHttpRequests instead.
2025-09-21 20:33:18,238 [] [main] WARN (org.springframework.security.config.annotation.web.builders.WebSecurity): You are asking Spring Security to ignore Ant [pattern='/img/**']. This is not recommended -- please use permitAll via HttpSecurity#authorizeHttpRequests instead.
2025-09-21 20:33:18,238 [] [main] WARN (org.springframework.security.config.annotation.web.builders.WebSecurity): You are asking Spring Security to ignore Ant [pattern='/fonts/**']. This is not recommended -- please use permitAll via HttpSecurity#authorizeHttpRequests instead.
2025-09-21 20:33:18,238 [] [main] WARN (org.springframework.security.config.annotation.web.builders.WebSecurity): You are asking Spring Security to ignore Ant [pattern='/static/**']. This is not recommended -- please use permitAll via HttpSecurity#authorizeHttpRequests instead.
2025-09-21 20:33:18,238 [] [main] WARN (org.springframework.security.config.annotation.web.builders.WebSecurity): You are asking Spring Security to ignore Ant [pattern='/static-web/**']. This is not recommended -- please use permitAll via HttpSecurity#authorizeHttpRequests instead.
2025-09-21 20:33:18,238 [] [main] WARN (org.springframework.security.config.annotation.web.builders.WebSecurity): You are asking Spring Security to ignore Ant [pattern='/less/**']. This is not recommended -- please use permitAll via HttpSecurity#authorizeHttpRequests instead.
2025-09-21 20:33:18,238 [] [main] WARN (org.springframework.security.config.annotation.web.builders.WebSecurity): You are asking Spring Security to ignore Ant [pattern='/wicket/resource/**']. This is not recommended -- please use permitAll via HttpSecurity#authorizeHttpRequests instead.
2025-09-21 20:33:18,238 [] [main] WARN (org.springframework.security.config.annotation.web.builders.WebSecurity): You are asking Spring Security to ignore Ant [pattern='/favicon.ico']. This is not recommended -- please use permitAll via HttpSecurity#authorizeHttpRequests instead.
2025-09-21 20:33:18,281 [] [main] INFO (org.apache.coyote.http11.Http11NioProtocol): Starting ProtocolHandler ["http-nio-8080"]
2025-09-21 20:33:18,291 [] [main] INFO (org.springframework.boot.web.embedded.tomcat.TomcatWebServer): Tomcat started on port 8080 (http) with context path '/midpoint'
2025-09-21 20:33:18,296 [] [main] INFO (com.evolveum.midpoint.web.boot.MidPointSpringApplication): Started MidPointSpringApplication in 13.349 seconds (process running for 14.089)
2025-09-21 20:33:18,302 [] [main] INFO (com.evolveum.midpoint.task.quartzimpl.cluster.ClusterManager): Registering the node as started
2025-09-21 20:33:18,315 [] [ClusterManagerThread] INFO (com.evolveum.midpoint.task.quartzimpl.cluster.ClusterManager): ClusterManager thread starting.
2025-09-21 20:33:18,315 [] [main] INFO (com.evolveum.midpoint.task.quartzimpl.quartz.LocalScheduler): Starting the Quartz scheduler
2025-09-21 20:33:18,319 [] [main] INFO (org.quartz.core.QuartzScheduler): Scheduler midPointScheduler_$_DefaultNode started.
2025-09-21 20:33:18,451 [] [midPointScheduler_Worker-1] INFO (com.evolveum.midpoint.repo.sqale.audit.SqaleAuditService): Audit cleanup, deleting records older than 2025-06-21T20:33:18.451Z.
2025-09-21 20:33:18,453 [] [midPointScheduler_Worker-1] INFO (com.evolveum.midpoint.repo.sqale.audit.SqaleAuditService): Audit cleanup based on age finished; deleted 0 entries in 0 seconds.
2025-09-21 20:33:18,453 [REPOSITORY] [midPointScheduler_Worker-1] INFO (com.evolveum.midpoint.model.impl.cleanup.CleanupPartialActivityRun): Audit records cleanup: Finished
2025-09-21 20:33:18,469 [TASK_MANAGER] [midPointScheduler_Worker-1] INFO (com.evolveum.midpoint.task.quartzimpl.tasks.TaskCleaner): Starting cleanup for closed tasks deleting up to 2025-08-21T20:33:18.469Z (duration 'P1M').
2025-09-21 20:33:18,470 [TASK_MANAGER] [midPointScheduler_Worker-1] INFO (com.evolveum.midpoint.task.quartzimpl.tasks.TaskCleaner): Task cleanup procedure finished. Successfully deleted 0 tasks; there were problems with deleting 0 tasks.
2025-09-21 20:33:18,470 [REPOSITORY] [midPointScheduler_Worker-1] INFO (com.evolveum.midpoint.model.impl.cleanup.CleanupPartialActivityRun): Closed tasks: Finished
2025-09-21 20:33:19,342 [] [http-nio-8080-exec-1] INFO (org.apache.catalina.core.ContainerBase.[Tomcat].[localhost].[/midpoint]): Initializing Spring DispatcherServlet 'dispatcherServlet'
2025-09-21 20:33:19,342 [] [http-nio-8080-exec-1] INFO (org.springframework.web.servlet.DispatcherServlet): Initializing Servlet 'dispatcherServlet'
2025-09-21 20:33:19,343 [] [http-nio-8080-exec-1] INFO (org.springframework.web.servlet.DispatcherServlet): Completed initialization in 1 ms
2025-09-21 20:33:28,350 [TASK_MANAGER] [ClusterManagerThread] INFO (com.evolveum.midpoint.task.quartzimpl.cluster.NodeRegistrar): Found Tomcat JMX object 'Tomcat:type=Connector,port=8080': scheme = 'http', port = '8080'
2025-09-21 20:33:28,353 [TASK_MANAGER] [ClusterManagerThread] INFO (com.evolveum.midpoint.task.quartzimpl.cluster.NodeRegistrar): Changing node URL from null to http://17642df6d3be:8080/midpoint
2025-09-21 20:33:41,683 [] [http-nio-8080-exec-3] WARN (com.evolveum.midpoint.common.CachedResourceBundleMessageSource): ResourceBundle [Midpoint] not found for MessageSource: Can't find bundle for base name Midpoint, locale en
2025-09-21 20:33:41,684 [] [http-nio-8080-exec-3] WARN (com.evolveum.midpoint.common.CachedResourceBundleMessageSource): ResourceBundle [schema] not found for MessageSource: Can't find bundle for base name schema, locale en
